<?xml version="1.0" encoding="UTF-8"?>
<!-- Generated by org.testng.reporters.JUnitReportReporter -->
<testsuite hostname="IN15I51216GR512" failures="0" tests="5" name="tests.TextBoxTest" time="8.951" errors="0" timestamp="2025-07-10T21:19:19 IST" skipped="0">
  <testcase classname="tests.TextBoxTest" name="clickOnClose" time="3.244"/>
  <system-out/>
  <testcase classname="tests.TextBoxTest" name="ClickOnTxtBox" time="1.080"/>
  <system-out/>
  <testcase classname="tests.TextBoxTest" name="FillDetail" time="3.916"/>
  <system-out/>
  <testcase classname="tests.TextBoxTest" name="clickOnSubmitBtn" time="0.125"/>
  <system-out/>
  <testcase classname="tests.TextBoxTest" name="validate" time="0.586"/>
  <system-out/>
</testsuite> <!-- tests.TextBoxTest -->
