<?xml version="1.0" encoding="UTF-8"?>
<!-- Generated by org.testng.reporters.JUnitReportReporter -->
<testsuite hostname="IN15I51216GR512" failures="0" tests="1" name="tests.LoginTest" time="3.103" errors="0" timestamp="2025-07-10T21:19:19 IST" skipped="0">
  <testcase classname="tests.LoginTest" name="ClickonClose" time="3.103"/>
  <system-out/>
</testsuite> <!-- tests.LoginTest -->
