<?xml version="1.0" encoding="UTF-8"?>
<!-- Generated by org.testng.reporters.JUnitReportReporter -->
<testsuite hostname="IN15I51216GR512" failures="0" tests="8" name="tests.CheckBoxTest" time="7.617" errors="0" timestamp="2025-07-10T21:19:19 IST" skipped="0">
  <testcase classname="tests.CheckBoxTest" name="clickOnClose" time="3.291"/>
  <system-out/>
  <testcase classname="tests.CheckBoxTest" name="clicickToCheckMobileBox" time="1.187"/>
  <system-out/>
  <testcase classname="tests.CheckBoxTest" name="clickTOMobileChkBx" time="0.312"/>
  <system-out/>
  <testcase classname="tests.CheckBoxTest" name="clickToMobileValidation" time="2.122"/>
  <system-out/>
  <testcase classname="tests.CheckBoxTest" name="clickToLaptopCheckBox" time="0.308"/>
  <system-out/>
  <testcase classname="tests.CheckBoxTest" name="clickToLaptopValidation" time="0.090"/>
  <system-out/>
  <testcase classname="tests.CheckBoxTest" name="clickToDesktopCheckBox" time="0.210"/>
  <system-out/>
  <testcase classname="tests.CheckBoxTest" name="clickToDesktopValidation" time="0.097"/>
  <system-out/>
</testsuite> <!-- tests.CheckBoxTest -->
