<?xml version="1.0" encoding="UTF-8"?>
<!-- Generated by org.testng.reporters.JUnitReportReporter -->
<testsuite hostname="IN15I51216GR512" failures="0" tests="4" name="tests.RadioButtonTest" time="6.944" errors="0" timestamp="2025-07-10T21:19:19 IST" skipped="0">
  <testcase classname="tests.RadioButtonTest" name="clickOnClose" time="3.522"/>
  <system-out/>
  <testcase classname="tests.RadioButtonTest" name="clickToRadioBtn" time="2.139"/>
  <system-out/>
  <testcase classname="tests.RadioButtonTest" name="clickToYesOption" time="0.187"/>
  <system-out/>
  <testcase classname="tests.RadioButtonTest" name="validation" time="1.096"/>
  <system-out/>
</testsuite> <!-- tests.RadioButtonTest -->
