<?xml version="1.0" encoding="UTF-8"?>
<!-- Generated by org.testng.reporters.JUnitReportReporter -->
<testsuite hostname="IN15I51216GR512" failures="0" tests="3" name="tests.WebTableTest" time="5.903" errors="0" timestamp="2025-06-28T16:23:37 IST" skipped="0">
  <testcase classname="tests.WebTableTest" name="clickOnClose" time="3.036"/>
  <system-out/>
  <testcase classname="tests.WebTableTest" name="clickToWebtable" time="1.071"/>
  <system-out/>
  <testcase classname="tests.WebTableTest" name="fillData" time="1.796"/>
  <system-out/>
</testsuite> <!-- tests.WebTableTest -->
